<?xml version="1.0" encoding="UTF-8"?>
<testsuite name="(empty)"
	tests="3"
	failures="2"
	disabled="0"
	skipped="0"
	hostname=""
	time="0"
	timestamp="2022-10-12T09:47:20"
	>
	<testcase name="TestFixture.TestError" classname="TestFixture.TestError" time="0.00320864" status="fail">
		<failure message=""/>
		<system-out>Running main() from neotest-ctest/tests/integration/build/_deps/googletest-src/googletest/src/gtest_main.cc
Note: Google Test filter = TestFixture.TestError
[==========] Running 1 test from 1 test suite.
[----------] Global test environment set-up.
[----------] 1 test from TestFixture
[ RUN      ] TestFixture.TestError
neotest-ctest/tests/integration/src/test.cpp:13: Failure
Value of: false
  Actual: false
Expected: true
[  FAILED  ] TestFixture.TestError (0 ms)
[----------] 1 test from TestFixture (0 ms total)

[----------] Global test environment tear-down
[==========] 1 test from 1 test suite ran. (0 ms total)
[  PASSED  ] 0 tests.
[  FAILED  ] 1 test, listed below:
[  FAILED  ] TestFixture.TestError

 1 FAILED TEST
</system-out>
	</testcase>
	<testcase name="TestFixture.TestOk" classname="TestFixture.TestOk" time="0.00147827" status="run">
		<system-out>Running main() from neotest-ctest/tests/integration/build/_deps/googletest-src/googletest/src/gtest_main.cc
Note: Google Test filter = TestFixture.TestOk
[==========] Running 1 test from 1 test suite.
[----------] Global test environment set-up.
[----------] 1 test from TestFixture
[ RUN      ] TestFixture.TestOk
[       OK ] TestFixture.TestOk (0 ms)
[----------] 1 test from TestFixture (0 ms total)

[----------] Global test environment tear-down
[==========] 1 test from 1 test suite ran. (0 ms total)
[  PASSED  ] 1 test.
</system-out>
	</testcase>
	<testcase name="TestFixture.FailInFixture" classname="TestFixture.FailInFixture" time="0.00129313" status="fail">
		<failure message=""/>
		<system-out>Running main() from neotest-ctest/tests/integration/build/_deps/googletest-src/googletest/src/gtest_main.cc
Note: Google Test filter = TestFixture.FailInFixture
[==========] Running 1 test from 1 test suite.
[----------] Global test environment set-up.
[----------] 1 test from TestFixture
[ RUN      ] TestFixture.FailInFixture
neotest-ctest/tests/integration/src/test.cpp:8: Failure
Value of: false
  Actual: false
Expected: true
[  FAILED  ] TestFixture.FailInFixture (0 ms)
[----------] 1 test from TestFixture (0 ms total)

[----------] Global test environment tear-down
[==========] 1 test from 1 test suite ran. (0 ms total)
[  PASSED  ] 0 tests.
[  FAILED  ] 1 test, listed below:
[  FAILED  ] TestFixture.FailInFixture

 1 FAILED TEST
</system-out>
	</testcase>
</testsuite>
